Using pre-set license
Built from '2020.3/release' branch; Version is '2020.3.7f1 (dd97f2c94397) revision 14522354'; Using compiler version '192528614'; Build Type 'Release'
OS: 'Windows 10 Home; OS build 18363.1556; Version 1909; 64bit' Language: 'es' Physical Memory: 8106 MB
BatchMode: 1, IsHumanControllingUs: 0, StartBugReporterOnCrash: 0, Is64bit: 1, IsPro: 0

 COMMAND LINE ARGUMENTS:
C:\Program Files\Unity\Hub\Editor\2020.3.7f1\Editor\Unity.exe
-adb2
-batchMode
-noUpm
-name
AssetImportWorker1
-projectPath
C:/Users/Juanjo/Desktop/PewFriend
-logFile
Logs/AssetImportWorker1.log
-srvPort
54198
Successfully changed project path to: C:/Users/Juanjo/Desktop/PewFriend
C:/Users/Juanjo/Desktop/PewFriend
Using Asset Import Pipeline V2.
Refreshing native plugins compatible for Editor in 63.55 ms, found 1 plugins.
Preloading 0 native plugins for Editor in 0.00 ms.
Initialize engine version: 2020.3.7f1 (dd97f2c94397)
[Subsystems] Discovering subsystems at path C:/Program Files/Unity/Hub/Editor/2020.3.7f1/Editor/Data/Resources/UnitySubsystems
[Subsystems] Discovering subsystems at path C:/Users/Juanjo/Desktop/PewFriend/Assets
GfxDevice: creating device client; threaded=0
Direct3D:
    Version:  Direct3D 11.0 [level 11.0]
    Renderer: NVIDIA GeForce 840M (ID=0x1341)
    Vendor:   
    VRAM:     2010 MB
    Driver:   24.21.13.9836
Initialize mono
Mono path[0] = 'C:/Program Files/Unity/Hub/Editor/2020.3.7f1/Editor/Data/Managed'
Mono path[1] = 'C:/Program Files/Unity/Hub/Editor/2020.3.7f1/Editor/Data/MonoBleedingEdge/lib/mono/unityjit'
Mono config path = 'C:/Program Files/Unity/Hub/Editor/2020.3.7f1/Editor/Data/MonoBleedingEdge/etc'
Using monoOptions --debugger-agent=transport=dt_socket,embedding=1,server=y,suspend=n,address=127.0.0.1:56508
Begin MonoManager ReloadAssembly
Registering precompiled unity dll's ...
Register platform support module: C:/Program Files/Unity/Hub/Editor/2020.3.7f1/Editor/Data/PlaybackEngines/WindowsStandaloneSupport/UnityEditor.WindowsStandalone.Extensions.dll
Registered in 0.007426 seconds.
Native extension for WindowsStandalone target not found
Refreshing native plugins compatible for Editor in 64.63 ms, found 1 plugins.
Preloading 0 native plugins for Editor in 0.00 ms.
Mono: successfully reloaded assembly
- Completed reload, in  2.411 seconds
Platform modules already initialized, skipping
Registering precompiled user dll's ...
Registered in 0.002805 seconds.
Begin MonoManager ReloadAssembly
Native extension for WindowsStandalone target not found
Refreshing native plugins compatible for Editor in 91.63 ms, found 1 plugins.
Preloading 0 native plugins for Editor in 0.00 ms.
Mono: successfully reloaded assembly
- Completed reload, in  7.296 seconds
Platform modules already initialized, skipping
========================================================================
Worker process is ready to serve import requests
Launched and connected shader compiler UnityShaderCompiler.exe after 0.55 seconds
Refreshing native plugins compatible for Editor in 0.56 ms, found 1 plugins.
Preloading 0 native plugins for Editor in 0.00 ms.
Unloading 2105 Unused Serialized files (Serialized files now loaded: 0)
System memory in use before: 95.5 MB.
System memory in use after: 95.6 MB.

Unloading 21 unused Assets to reduce memory usage. Loaded Objects now: 2554.
Total: 6.329400 ms (FindLiveObjects: 0.758200 ms CreateObjectMapping: 0.418100 ms MarkObjects: 5.050100 ms  DeleteObjects: 0.100100 ms)

========================================================================
Received Import Request.
  path: Assets/Scripts/BulletScript.cs
  artifactKey: Guid(81ad626a877f04849bba4142dbbd29df) Importer(815301076,1909f56bfc062723c751e8b465ee728b)
Start importing Assets/Scripts/BulletScript.cs using Guid(81ad626a877f04849bba4142dbbd29df) Importer(815301076,1909f56bfc062723c751e8b465ee728b)  -> (artifact id: 'b63b09f3345fc88c4352d5507202d03d') in 0.094282 seconds
  Import took 0.107676 seconds .

========================================================================
Received Prepare
Registering precompiled user dll's ...
Registered in 0.023783 seconds.
Begin MonoManager ReloadAssembly
Native extension for WindowsStandalone target not found
Refreshing native plugins compatible for Editor in 0.85 ms, found 1 plugins.
Preloading 0 native plugins for Editor in 0.00 ms.
Mono: successfully reloaded assembly
- Completed reload, in  2.619 seconds
Platform modules already initialized, skipping
Refreshing native plugins compatible for Editor in 1.13 ms, found 1 plugins.
Preloading 0 native plugins for Editor in 0.00 ms.
Unloading 2095 Unused Serialized files (Serialized files now loaded: 0)
System memory in use before: 95.1 MB.
System memory in use after: 95.2 MB.

Unloading 7 unused Assets to reduce memory usage. Loaded Objects now: 2558.
Total: 8.064800 ms (FindLiveObjects: 2.618800 ms CreateObjectMapping: 0.660600 ms MarkObjects: 4.751900 ms  DeleteObjects: 0.025900 ms)

========================================================================
Received Import Request.
  Time since last request: 1057.386960 seconds.
  path: Assets/GlobalInput.inputactions
  artifactKey: Guid(328be507260f11440ad6ef81ed6fcb78) Importer(815301076,1909f56bfc062723c751e8b465ee728b)
Start importing Assets/GlobalInput.inputactions using Guid(328be507260f11440ad6ef81ed6fcb78) Importer(815301076,1909f56bfc062723c751e8b465ee728b)  -> (artifact id: 'd6979420dddb9f10432914249b43ab24') in 0.136354 seconds
  Import took 0.158460 seconds .

